[   45289ms] [WARNING] <meta name="apple-mobile-web-app-capable" content="yes"> is deprecated. Please include <meta name="mobile-web-app-capable" content="yes"> @ http://localhost:3000/recipes:0
[   45308ms] [ERROR] Failed to load resource: the server responded with a status of 404 (Not Found) @ http://localhost:3000/favicon.ico:0
[ 1692079ms] [ERROR] ./node_modules/next/dist/lib/require-instrumentation-client.js:11:1
Module not found: Can't resolve 'private-next-instrumentation-client'

https://nextjs.org/docs/messages/module-not-found

Import trace for requested module:
./node_modules/next/dist/client/app-next-dev.js @ webpack-internal:///(app-pages-browser)/./node_modules/next/dist/client/app-index.js:32
[ 1692079ms] [ERROR] ./node_modules/next/dist/client/components/not-found-boundary.js
Error: Failed to read source code from C:\Users\green\Documents\Projects\kitchen-manager-app\node_modules\next\dist\client\components\not-found-boundary.js

Caused by:
    The system cannot find the file specified. (os error 2)

Import trace for requested module:
./node_modules/next/dist/client/components/not-found-boundary.js @ webpack-internal:///(app-pages-browser)/./node_modules/next/dist/client/app-index.js:32
[ 1692079ms] [ERROR] ./node_modules/next/dist/client/dev/hot-reloader/app/web-socket.js:166:3
Module not found: Can't resolve '@vercel/turbopack-ecmascript-runtime/browser/dev/hmr-client/hmr-client.ts'
  164 |   }
  165 |
> 166 |   import(
      |   ^
  167 |     // @ts-expect-error requires "moduleResolution": "node16" in tsconfig.json and not .ts extension
  168 |     '@vercel/turbopack-ecmascript-runtime/browser/dev/hmr-client/hmr-client.ts'
  169 |   ).then(({ connect }) => {

https://nextjs.org/docs/messages/module-not-found

Import trace for requested module:
./node_modules/next/dist/client/app-index.js
./node_modules/next/dist/client/app-next-dev.js @ webpack-internal:///(app-pages-browser)/./node_modules/next/dist/client/app-index.js:32
[ 1692130ms] [ERROR] ./node_modules/next/dist/build/webpack/loaders/next-app-loader/index.js?name=app%2Frecipes%2Fpage&page=%2Frecipes%2Fpage&appPaths=%2Frecipes%2Fpage&pagePath=private-next-app-dir%2Frecipes%2Fpage.tsx&appDir=C%3A%5CUsers%5Cgreen%5CDocuments%5CProjects%5Ckitchen-manager-app%5Capp&pageExtensions=tsx&pageExtensions=ts&pageExtensions=jsx&pageExtensions=js&rootDir=C%3A%5CUsers%5Cgreen%5CDocuments%5CProjects%5Ckitchen-manager-app&isDev=true&tsconfigPath=tsconfig.json&basePath=&assetPrefix=&nextConfigOutput=&preferredRegion=&middlewareConfig=e30%3D!
TypeError: (0 , _utils.isAppBuiltinPage) is not a function @ webpack-internal:///(app-pages-browser)/./node_modules/next/dist/client/app-index.js:32
[ 1878199ms] [ERROR] ./node_modules/next/dist/lib/require-instrumentation-client.js:11:1
Module not found: Can't resolve 'private-next-instrumentation-client'

https://nextjs.org/docs/messages/module-not-found

Import trace for requested module:
./node_modules/next/dist/client/app-next-dev.js @ webpack-internal:///(app-pages-browser)/./node_modules/next/dist/client/app-index.js:32
[ 1878199ms] [ERROR] ./node_modules/next/dist/client/dev/hot-reloader/app/use-websocket.js:68:5
Module not found: Can't resolve '@vercel/turbopack-ecmascript-runtime/browser/dev/hmr-client/hmr-client.ts'
  66 |     initCurrent.init = true
  67 |
> 68 |     import(
     |     ^
  69 |       // @ts-expect-error requires "moduleResolution": "node16" in tsconfig.json and not .ts extension
  70 |       '@vercel/turbopack-ecmascript-runtime/browser/dev/hmr-client/hmr-client.ts'
  71 |     ).then(({ connect }) => {

https://nextjs.org/docs/messages/module-not-found

Import trace for requested module:
./node_modules/next/dist/client/dev/hot-reloader/app/hot-reloader-app.js
./node_modules/next/dist/client/components/app-router.js
./node_modules/next/dist/client/app-index.js
./node_modules/next/dist/client/app-next-dev.js @ webpack-internal:///(app-pages-browser)/./node_modules/next/dist/client/app-index.js:32
[ 1878235ms] [ERROR] ./node_modules/next/dist/lib/require-instrumentation-client.js:11:1
Module not found: Can't resolve 'private-next-instrumentation-client'

https://nextjs.org/docs/messages/module-not-found

Import trace for requested module:
./node_modules/next/dist/client/app-next-dev.js @ webpack-internal:///(app-pages-browser)/./node_modules/next/dist/client/app-index.js:32
[ 1878235ms] [ERROR] ./node_modules/next/dist/client/dev/hot-reloader/app/use-websocket.js:68:5
Module not found: Can't resolve '@vercel/turbopack-ecmascript-runtime/browser/dev/hmr-client/hmr-client.ts'
  66 |     initCurrent.init = true
  67 |
> 68 |     import(
     |     ^
  69 |       // @ts-expect-error requires "moduleResolution": "node16" in tsconfig.json and not .ts extension
  70 |       '@vercel/turbopack-ecmascript-runtime/browser/dev/hmr-client/hmr-client.ts'
  71 |     ).then(({ connect }) => {

https://nextjs.org/docs/messages/module-not-found

Import trace for requested module:
./node_modules/next/dist/client/dev/hot-reloader/app/hot-reloader-app.js
./node_modules/next/dist/client/components/app-router.js
./node_modules/next/dist/client/app-index.js
./node_modules/next/dist/client/app-next-dev.js @ webpack-internal:///(app-pages-browser)/./node_modules/next/dist/client/app-index.js:32
[ 1878249ms] [ERROR] ./node_modules/next/dist/build/webpack/loaders/next-app-loader/index.js?name=app%2Frecipes%2Fpage&page=%2Frecipes%2Fpage&appPaths=%2Frecipes%2Fpage&pagePath=private-next-app-dir%2Frecipes%2Fpage.tsx&appDir=C%3A%5CUsers%5Cgreen%5CDocuments%5CProjects%5Ckitchen-manager-app%5Capp&pageExtensions=tsx&pageExtensions=ts&pageExtensions=jsx&pageExtensions=js&rootDir=C%3A%5CUsers%5Cgreen%5CDocuments%5CProjects%5Ckitchen-manager-app&isDev=true&tsconfigPath=tsconfig.json&basePath=&assetPrefix=&nextConfigOutput=&preferredRegion=&middlewareConfig=e30%3D!
TypeError: (0 , _utils.isAppBuiltinPage) is not a function @ webpack-internal:///(app-pages-browser)/./node_modules/next/dist/client/app-index.js:32
